<?xml version="1.0" encoding="UTF-8"?>
<!-- Generated by org.testng.reporters.JUnitXMLReporter -->
<testsuite hostname="DESKTOP-KRLAL0I" ignored="0" name="ChromeTest" tests="1" failures="1" timestamp="01 Mar 2019 07:11:03 GMT" time="8.834" errors="0">
  <testcase name="amazonHomePage" time="0.151" classname="com.sales.AmazonServices.TC_005">
    <failure type="java.lang.AssertionError" message="Hi failing....">
      <![CDATA[java.lang.AssertionError: Hi failing....
at com.sales.AmazonServices.TC_005.amazonHomePage(TC_005.java:37)
at java.util.concurrent.FutureTask.run(FutureTask.java:266)
at java.util.concurrent.ThreadPoolExecutor.runWorker(ThreadPoolExecutor.java:1149)
at java.util.concurrent.ThreadPoolExecutor$Worker.run(ThreadPoolExecutor.java:624)
at java.lang.Thread.run(Thread.java:748)
... Removed 17 stack frames]]>
    </failure>
  </testcase> <!-- amazonHomePage -->
</testsuite> <!-- ChromeTest -->
